{"C:\\Users\\edsonfragnan\\Desktop\\facebook_luizalabs\\facebook_luizalabs\\index.js":{"path":"C:\\Users\\edsonfragnan\\Desktop\\facebook_luizalabs\\facebook_luizalabs\\index.js","s":{"1":1,"2":1,"3":0,"4":1},"b":{},"f":{"1":0},"fnMap":{"1":{"name":"(anonymous_1)","line":3,"loc":{"start":{"line":3,"column":18},"end":{"line":3,"column":28}}}},"statementMap":{"1":{"start":{"line":1,"column":0},"end":{"line":1,"column":47}},"2":{"start":{"line":3,"column":0},"end":{"line":5,"column":3}},"3":{"start":{"line":4,"column":2},"end":{"line":4,"column":49}},"4":{"start":{"line":7,"column":0},"end":{"line":7,"column":21}}},"branchMap":{}},"C:\\Users\\edsonfragnan\\Desktop\\facebook_luizalabs\\facebook_luizalabs\\config\\custom-express.js":{"path":"C:\\Users\\edsonfragnan\\Desktop\\facebook_luizalabs\\facebook_luizalabs\\config\\custom-express.js","s":{"1":1,"2":1,"3":1,"4":1,"5":1,"6":1,"7":1,"8":1,"9":1,"10":0,"11":1,"12":1,"13":1,"14":1,"15":1},"b":{},"f":{},"fnMap":{},"statementMap":{"1":{"start":{"line":1,"column":0},"end":{"line":1,"column":35}},"2":{"start":{"line":2,"column":0},"end":{"line":2,"column":35}},"3":{"start":{"line":3,"column":0},"end":{"line":3,"column":42}},"4":{"start":{"line":4,"column":0},"end":{"line":4,"column":54}},"5":{"start":{"line":5,"column":0},"end":{"line":5,"column":33}},"6":{"start":{"line":6,"column":0},"end":{"line":6,"column":48}},"7":{"start":{"line":8,"column":0},"end":{"line":30,"column":2}},"8":{"start":{"line":9,"column":2},"end":{"line":9,"column":24}},"9":{"start":{"line":11,"column":2},"end":{"line":17,"column":6}},"10":{"start":{"line":14,"column":10},"end":{"line":14,"column":32}},"11":{"start":{"line":19,"column":2},"end":{"line":19,"column":51}},"12":{"start":{"line":20,"column":2},"end":{"line":20,"column":29}},"13":{"start":{"line":21,"column":2},"end":{"line":21,"column":30}},"14":{"start":{"line":23,"column":2},"end":{"line":27,"column":14}},"15":{"start":{"line":29,"column":2},"end":{"line":29,"column":13}}},"branchMap":{}},"C:\\Users\\edsonfragnan\\Desktop\\facebook_luizalabs\\facebook_luizalabs\\servicos\\logger.js":{"path":"C:\\Users\\edsonfragnan\\Desktop\\facebook_luizalabs\\facebook_luizalabs\\servicos\\logger.js","s":{"1":2,"2":2,"3":2,"4":0,"5":2},"b":{"1":[0,2]},"f":{},"fnMap":{},"statementMap":{"1":{"start":{"line":1,"column":0},"end":{"line":1,"column":35}},"2":{"start":{"line":2,"column":0},"end":{"line":2,"column":25}},"3":{"start":{"line":4,"column":0},"end":{"line":6,"column":1}},"4":{"start":{"line":5,"column":2},"end":{"line":5,"column":23}},"5":{"start":{"line":8,"column":0},"end":{"line":17,"column":3}}},"branchMap":{"1":{"line":4,"type":"if","locations":[{"start":{"line":4,"column":0},"end":{"line":4,"column":0}},{"start":{"line":4,"column":0},"end":{"line":4,"column":0}}]}}},"C:\\Users\\edsonfragnan\\Desktop\\facebook_luizalabs\\facebook_luizalabs\\routes\\index.js":{"path":"C:\\Users\\edsonfragnan\\Desktop\\facebook_luizalabs\\facebook_luizalabs\\routes\\index.js","s":{"1":1,"2":1,"3":0},"b":{},"f":{},"fnMap":{},"statementMap":{"1":{"start":{"line":1,"column":0},"end":{"line":5,"column":2}},"2":{"start":{"line":2,"column":2},"end":{"line":4,"column":5}},"3":{"start":{"line":3,"column":4},"end":{"line":3,"column":50}}},"branchMap":{}},"C:\\Users\\edsonfragnan\\Desktop\\facebook_luizalabs\\facebook_luizalabs\\routes\\usuario_facebook.js":{"path":"C:\\Users\\edsonfragnan\\Desktop\\facebook_luizalabs\\facebook_luizalabs\\routes\\usuario_facebook.js","s":{"1":1,"2":1,"3":1,"4":1,"5":1,"6":1,"7":1,"8":0,"9":1,"10":0,"11":1,"12":0,"13":1,"14":0,"15":1,"16":0,"17":1,"18":0},"b":{},"f":{},"fnMap":{},"statementMap":{"1":{"start":{"line":1,"column":0},"end":{"line":1,"column":64}},"2":{"start":{"line":2,"column":0},"end":{"line":2,"column":62}},"3":{"start":{"line":3,"column":0},"end":{"line":3,"column":78}},"4":{"start":{"line":4,"column":0},"end":{"line":4,"column":62}},"5":{"start":{"line":5,"column":0},"end":{"line":5,"column":64}},"6":{"start":{"line":7,"column":0},"end":{"line":33,"column":2}},"7":{"start":{"line":9,"column":2},"end":{"line":11,"column":5}},"8":{"start":{"line":10,"column":4},"end":{"line":10,"column":30}},"9":{"start":{"line":13,"column":2},"end":{"line":15,"column":5}},"10":{"start":{"line":14,"column":4},"end":{"line":14,"column":34}},"11":{"start":{"line":17,"column":2},"end":{"line":19,"column":5}},"12":{"start":{"line":18,"column":4},"end":{"line":18,"column":42}},"13":{"start":{"line":21,"column":2},"end":{"line":23,"column":5}},"14":{"start":{"line":22,"column":4},"end":{"line":22,"column":34}},"15":{"start":{"line":25,"column":2},"end":{"line":27,"column":5}},"16":{"start":{"line":26,"column":4},"end":{"line":26,"column":35}},"17":{"start":{"line":29,"column":2},"end":{"line":31,"column":5}},"18":{"start":{"line":30,"column":4},"end":{"line":30,"column":56}}},"branchMap":{}},"C:\\Users\\edsonfragnan\\Desktop\\facebook_luizalabs\\facebook_luizalabs\\controllers\\getUsuarios.js":{"path":"C:\\Users\\edsonfragnan\\Desktop\\facebook_luizalabs\\facebook_luizalabs\\controllers\\getUsuarios.js","s":{"1":1,"2":1,"3":0,"4":0,"5":0,"6":0,"7":0,"8":0,"9":0,"10":0,"11":0,"12":0,"13":0,"14":0,"15":0},"b":{"1":[0,0],"2":[0,0]},"f":{},"fnMap":{},"statementMap":{"1":{"start":{"line":1,"column":0},"end":{"line":1,"column":48}},"2":{"start":{"line":3,"column":0},"end":{"line":20,"column":2}},"3":{"start":{"line":4,"column":2},"end":{"line":4,"column":58}},"4":{"start":{"line":5,"column":2},"end":{"line":5,"column":65}},"5":{"start":{"line":6,"column":2},"end":{"line":6,"column":38}},"6":{"start":{"line":7,"column":2},"end":{"line":19,"column":5}},"7":{"start":{"line":8,"column":4},"end":{"line":18,"column":5}},"8":{"start":{"line":9,"column":6},"end":{"line":9,"column":62}},"9":{"start":{"line":10,"column":6},"end":{"line":10,"column":29}},"10":{"start":{"line":11,"column":6},"end":{"line":11,"column":13}},"11":{"start":{"line":12,"column":11},"end":{"line":18,"column":5}},"12":{"start":{"line":13,"column":6},"end":{"line":13,"column":59}},"13":{"start":{"line":14,"column":6},"end":{"line":14,"column":13}},"14":{"start":{"line":16,"column":6},"end":{"line":16,"column":26}},"15":{"start":{"line":17,"column":6},"end":{"line":17,"column":13}}},"branchMap":{"1":{"line":8,"type":"if","locations":[{"start":{"line":8,"column":4},"end":{"line":8,"column":4}},{"start":{"line":8,"column":4},"end":{"line":8,"column":4}}]},"2":{"line":12,"type":"if","locations":[{"start":{"line":12,"column":11},"end":{"line":12,"column":11}},{"start":{"line":12,"column":11},"end":{"line":12,"column":11}}]}}},"C:\\Users\\edsonfragnan\\Desktop\\facebook_luizalabs\\facebook_luizalabs\\controllers\\getUsuario.js":{"path":"C:\\Users\\edsonfragnan\\Desktop\\facebook_luizalabs\\facebook_luizalabs\\controllers\\getUsuario.js","s":{"1":1,"2":1,"3":0,"4":0,"5":0,"6":0,"7":0,"8":0,"9":0,"10":0,"11":0,"12":0,"13":0,"14":0,"15":0,"16":0},"b":{"1":[0,0],"2":[0,0]},"f":{},"fnMap":{},"statementMap":{"1":{"start":{"line":1,"column":0},"end":{"line":1,"column":48}},"2":{"start":{"line":3,"column":0},"end":{"line":21,"column":2}},"3":{"start":{"line":4,"column":2},"end":{"line":4,"column":27}},"4":{"start":{"line":5,"column":2},"end":{"line":5,"column":36}},"5":{"start":{"line":6,"column":2},"end":{"line":6,"column":58}},"6":{"start":{"line":7,"column":2},"end":{"line":7,"column":65}},"7":{"start":{"line":8,"column":2},"end":{"line":20,"column":5}},"8":{"start":{"line":9,"column":4},"end":{"line":19,"column":5}},"9":{"start":{"line":10,"column":6},"end":{"line":10,"column":61}},"10":{"start":{"line":11,"column":6},"end":{"line":11,"column":29}},"11":{"start":{"line":12,"column":6},"end":{"line":12,"column":13}},"12":{"start":{"line":13,"column":11},"end":{"line":19,"column":5}},"13":{"start":{"line":14,"column":6},"end":{"line":14,"column":59}},"14":{"start":{"line":15,"column":6},"end":{"line":15,"column":13}},"15":{"start":{"line":17,"column":6},"end":{"line":17,"column":26}},"16":{"start":{"line":18,"column":6},"end":{"line":18,"column":13}}},"branchMap":{"1":{"line":9,"type":"if","locations":[{"start":{"line":9,"column":4},"end":{"line":9,"column":4}},{"start":{"line":9,"column":4},"end":{"line":9,"column":4}}]},"2":{"line":13,"type":"if","locations":[{"start":{"line":13,"column":11},"end":{"line":13,"column":11}},{"start":{"line":13,"column":11},"end":{"line":13,"column":11}}]}}},"C:\\Users\\edsonfragnan\\Desktop\\facebook_luizalabs\\facebook_luizalabs\\controllers\\getUsuarioFacebook.js":{"path":"C:\\Users\\edsonfragnan\\Desktop\\facebook_luizalabs\\facebook_luizalabs\\controllers\\getUsuarioFacebook.js","s":{"1":1,"2":1,"3":1,"4":1,"5":0,"6":0,"7":0,"8":0,"9":0,"10":0,"11":0,"12":0,"13":0},"b":{"1":[0,0]},"f":{},"fnMap":{},"statementMap":{"1":{"start":{"line":1,"column":0},"end":{"line":1,"column":48}},"2":{"start":{"line":2,"column":0},"end":{"line":2,"column":63}},"3":{"start":{"line":3,"column":0},"end":{"line":3,"column":62}},"4":{"start":{"line":5,"column":0},"end":{"line":18,"column":2}},"5":{"start":{"line":6,"column":2},"end":{"line":6,"column":27}},"6":{"start":{"line":7,"column":2},"end":{"line":7,"column":36}},"7":{"start":{"line":8,"column":2},"end":{"line":17,"column":5}},"8":{"start":{"line":9,"column":4},"end":{"line":16,"column":5}},"9":{"start":{"line":10,"column":6},"end":{"line":10,"column":50}},"10":{"start":{"line":11,"column":6},"end":{"line":11,"column":29}},"11":{"start":{"line":12,"column":6},"end":{"line":12,"column":13}},"12":{"start":{"line":14,"column":6},"end":{"line":14,"column":24}},"13":{"start":{"line":15,"column":6},"end":{"line":15,"column":13}}},"branchMap":{"1":{"line":9,"type":"if","locations":[{"start":{"line":9,"column":4},"end":{"line":9,"column":4}},{"start":{"line":9,"column":4},"end":{"line":9,"column":4}}]}}},"C:\\Users\\edsonfragnan\\Desktop\\facebook_luizalabs\\facebook_luizalabs\\validacao\\validacao.js":{"path":"C:\\Users\\edsonfragnan\\Desktop\\facebook_luizalabs\\facebook_luizalabs\\validacao\\validacao.js","s":{"1":1,"2":0,"3":0,"4":0,"5":0,"6":0,"7":0},"b":{},"f":{},"fnMap":{},"statementMap":{"1":{"start":{"line":1,"column":0},"end":{"line":8,"column":2}},"2":{"start":{"line":2,"column":2},"end":{"line":2,"column":19}},"3":{"start":{"line":3,"column":2},"end":{"line":3,"column":78}},"4":{"start":{"line":4,"column":2},"end":{"line":4,"column":55}},"5":{"start":{"line":5,"column":2},"end":{"line":5,"column":63}},"6":{"start":{"line":6,"column":2},"end":{"line":6,"column":59}},"7":{"start":{"line":7,"column":2},"end":{"line":7,"column":32}}},"branchMap":{}},"C:\\Users\\edsonfragnan\\Desktop\\facebook_luizalabs\\facebook_luizalabs\\processor\\facebook.js":{"path":"C:\\Users\\edsonfragnan\\Desktop\\facebook_luizalabs\\facebook_luizalabs\\processor\\facebook.js","s":{"1":1,"2":1,"3":1,"4":0,"5":0,"6":0,"7":0,"8":0,"9":0,"10":0,"11":0,"12":0,"13":0},"b":{"1":[0,0],"2":[0,0],"3":[0,0],"4":[0,0],"5":[0,0],"6":[0,0]},"f":{},"fnMap":{},"statementMap":{"1":{"start":{"line":1,"column":0},"end":{"line":1,"column":25}},"2":{"start":{"line":2,"column":0},"end":{"line":2,"column":42}},"3":{"start":{"line":4,"column":0},"end":{"line":30,"column":2}},"4":{"start":{"line":5,"column":2},"end":{"line":29,"column":5}},"5":{"start":{"line":11,"column":4},"end":{"line":13,"column":5}},"6":{"start":{"line":12,"column":6},"end":{"line":12,"column":32}},"7":{"start":{"line":14,"column":4},"end":{"line":14,"column":35}},"8":{"start":{"line":15,"column":4},"end":{"line":15,"column":29}},"9":{"start":{"line":16,"column":4},"end":{"line":28,"column":7}},"10":{"start":{"line":17,"column":6},"end":{"line":27,"column":7}},"11":{"start":{"line":18,"column":8},"end":{"line":18,"column":34}},"12":{"start":{"line":20,"column":8},"end":{"line":25,"column":10}},"13":{"start":{"line":26,"column":8},"end":{"line":26,"column":32}}},"branchMap":{"1":{"line":11,"type":"if","locations":[{"start":{"line":11,"column":4},"end":{"line":11,"column":4}},{"start":{"line":11,"column":4},"end":{"line":11,"column":4}}]},"2":{"line":11,"type":"binary-expr","locations":[{"start":{"line":11,"column":7},"end":{"line":11,"column":11}},{"start":{"line":11,"column":15},"end":{"line":11,"column":24}}]},"3":{"line":17,"type":"if","locations":[{"start":{"line":17,"column":6},"end":{"line":17,"column":6}},{"start":{"line":17,"column":6},"end":{"line":17,"column":6}}]},"4":{"line":17,"type":"binary-expr","locations":[{"start":{"line":17,"column":9},"end":{"line":17,"column":13}},{"start":{"line":17,"column":17},"end":{"line":17,"column":26}}]},"5":{"line":21,"type":"cond-expr","locations":[{"start":{"line":21,"column":49},"end":{"line":21,"column":57}},{"start":{"line":21,"column":60},"end":{"line":21,"column":72}}]},"6":{"line":24,"type":"cond-expr","locations":[{"start":{"line":24,"column":45},"end":{"line":24,"column":63}},{"start":{"line":24,"column":66},"end":{"line":24,"column":76}}]}}},"C:\\Users\\edsonfragnan\\Desktop\\facebook_luizalabs\\facebook_luizalabs\\config\\auth.js":{"path":"C:\\Users\\edsonfragnan\\Desktop\\facebook_luizalabs\\facebook_luizalabs\\config\\auth.js","s":{"1":1},"b":{},"f":{},"fnMap":{},"statementMap":{"1":{"start":{"line":1,"column":0},"end":{"line":7,"column":2}}},"branchMap":{}},"C:\\Users\\edsonfragnan\\Desktop\\facebook_luizalabs\\facebook_luizalabs\\controllers\\delUsuario.js":{"path":"C:\\Users\\edsonfragnan\\Desktop\\facebook_luizalabs\\facebook_luizalabs\\controllers\\delUsuario.js","s":{"1":1,"2":1,"3":1,"4":0,"5":0,"6":0,"7":0,"8":0,"9":0,"10":0,"11":0,"12":0,"13":0,"14":0,"15":0},"b":{"1":[0,0]},"f":{},"fnMap":{},"statementMap":{"1":{"start":{"line":1,"column":0},"end":{"line":1,"column":48}},"2":{"start":{"line":2,"column":0},"end":{"line":2,"column":63}},"3":{"start":{"line":4,"column":0},"end":{"line":19,"column":2}},"4":{"start":{"line":5,"column":2},"end":{"line":5,"column":27}},"5":{"start":{"line":6,"column":2},"end":{"line":6,"column":34}},"6":{"start":{"line":7,"column":2},"end":{"line":7,"column":58}},"7":{"start":{"line":8,"column":2},"end":{"line":8,"column":65}},"8":{"start":{"line":9,"column":2},"end":{"line":18,"column":5}},"9":{"start":{"line":10,"column":4},"end":{"line":14,"column":5}},"10":{"start":{"line":11,"column":6},"end":{"line":11,"column":62}},"11":{"start":{"line":12,"column":6},"end":{"line":12,"column":29}},"12":{"start":{"line":13,"column":6},"end":{"line":13,"column":13}},"13":{"start":{"line":15,"column":4},"end":{"line":15,"column":37}},"14":{"start":{"line":16,"column":4},"end":{"line":16,"column":27}},"15":{"start":{"line":17,"column":4},"end":{"line":17,"column":11}}},"branchMap":{"1":{"line":10,"type":"if","locations":[{"start":{"line":10,"column":4},"end":{"line":10,"column":4}},{"start":{"line":10,"column":4},"end":{"line":10,"column":4}}]}}},"C:\\Users\\edsonfragnan\\Desktop\\facebook_luizalabs\\facebook_luizalabs\\controllers\\postUsuario.js":{"path":"C:\\Users\\edsonfragnan\\Desktop\\facebook_luizalabs\\facebook_luizalabs\\controllers\\postUsuario.js","s":{"1":1,"2":1,"3":1,"4":1,"5":0,"6":0,"7":0,"8":0,"9":0,"10":0,"11":0,"12":0,"13":0,"14":0,"15":0,"16":0,"17":0,"18":0,"19":0,"20":0,"21":0,"22":0,"23":0,"24":0,"25":0,"26":0},"b":{"1":[0,0],"2":[0,0],"3":[0,0]},"f":{},"fnMap":{},"statementMap":{"1":{"start":{"line":1,"column":0},"end":{"line":1,"column":48}},"2":{"start":{"line":2,"column":0},"end":{"line":2,"column":63}},"3":{"start":{"line":3,"column":0},"end":{"line":3,"column":62}},"4":{"start":{"line":5,"column":0},"end":{"line":36,"column":2}},"5":{"start":{"line":6,"column":2},"end":{"line":6,"column":27}},"6":{"start":{"line":7,"column":2},"end":{"line":7,"column":58}},"7":{"start":{"line":8,"column":2},"end":{"line":8,"column":65}},"8":{"start":{"line":9,"column":2},"end":{"line":9,"column":36}},"9":{"start":{"line":10,"column":2},"end":{"line":35,"column":5}},"10":{"start":{"line":11,"column":4},"end":{"line":34,"column":5}},"11":{"start":{"line":12,"column":6},"end":{"line":12,"column":54}},"12":{"start":{"line":13,"column":6},"end":{"line":13,"column":29}},"13":{"start":{"line":14,"column":6},"end":{"line":14,"column":13}},"14":{"start":{"line":16,"column":6},"end":{"line":16,"column":60}},"15":{"start":{"line":17,"column":6},"end":{"line":33,"column":7}},"16":{"start":{"line":18,"column":8},"end":{"line":18,"column":54}},"17":{"start":{"line":19,"column":8},"end":{"line":19,"column":36}},"18":{"start":{"line":20,"column":8},"end":{"line":20,"column":15}},"19":{"start":{"line":22,"column":8},"end":{"line":32,"column":11}},"20":{"start":{"line":23,"column":10},"end":{"line":31,"column":11}},"21":{"start":{"line":24,"column":12},"end":{"line":24,"column":60}},"22":{"start":{"line":25,"column":12},"end":{"line":25,"column":35}},"23":{"start":{"line":26,"column":12},"end":{"line":26,"column":19}},"24":{"start":{"line":28,"column":12},"end":{"line":28,"column":53}},"25":{"start":{"line":29,"column":12},"end":{"line":29,"column":30}},"26":{"start":{"line":30,"column":12},"end":{"line":30,"column":19}}},"branchMap":{"1":{"line":11,"type":"if","locations":[{"start":{"line":11,"column":4},"end":{"line":11,"column":4}},{"start":{"line":11,"column":4},"end":{"line":11,"column":4}}]},"2":{"line":17,"type":"if","locations":[{"start":{"line":17,"column":6},"end":{"line":17,"column":6}},{"start":{"line":17,"column":6},"end":{"line":17,"column":6}}]},"3":{"line":23,"type":"if","locations":[{"start":{"line":23,"column":10},"end":{"line":23,"column":10}},{"start":{"line":23,"column":10},"end":{"line":23,"column":10}}]}}},"C:\\Users\\edsonfragnan\\Desktop\\facebook_luizalabs\\facebook_luizalabs\\persistencia\\connectionFactory.js":{"path":"C:\\Users\\edsonfragnan\\Desktop\\facebook_luizalabs\\facebook_luizalabs\\persistencia\\connectionFactory.js","s":{"1":1,"2":1,"3":1,"4":1,"5":0,"6":1,"7":1,"8":1,"9":1},"b":{"1":[0,1]},"f":{"1":1},"fnMap":{"1":{"name":"(anonymous_1)","line":19,"loc":{"start":{"line":19,"column":17},"end":{"line":19,"column":28}}}},"statementMap":{"1":{"start":{"line":1,"column":0},"end":{"line":1,"column":32}},"2":{"start":{"line":3,"column":0},"end":{"line":17,"column":2}},"3":{"start":{"line":4,"column":2},"end":{"line":4,"column":20}},"4":{"start":{"line":5,"column":2},"end":{"line":9,"column":3}},"5":{"start":{"line":6,"column":3},"end":{"line":6,"column":40}},"6":{"start":{"line":8,"column":3},"end":{"line":8,"column":35}},"7":{"start":{"line":11,"column":2},"end":{"line":16,"column":5}},"8":{"start":{"line":19,"column":0},"end":{"line":21,"column":2}},"9":{"start":{"line":20,"column":1},"end":{"line":20,"column":27}}},"branchMap":{"1":{"line":5,"type":"if","locations":[{"start":{"line":5,"column":2},"end":{"line":5,"column":2}},{"start":{"line":5,"column":2},"end":{"line":5,"column":2}}]}}},"C:\\Users\\edsonfragnan\\Desktop\\facebook_luizalabs\\facebook_luizalabs\\persistencia\\criaTabela.js":{"path":"C:\\Users\\edsonfragnan\\Desktop\\facebook_luizalabs\\facebook_luizalabs\\persistencia\\criaTabela.js","s":{"1":1,"2":1,"3":1,"4":1,"5":1,"6":0,"7":0,"8":1},"b":{"1":[0,0]},"f":{},"fnMap":{},"statementMap":{"1":{"start":{"line":1,"column":0},"end":{"line":17,"column":2}},"2":{"start":{"line":2,"column":2},"end":{"line":2,"column":58}},"3":{"start":{"line":3,"column":2},"end":{"line":15,"column":4}},"4":{"start":{"line":4,"column":4},"end":{"line":10,"column":13}},"5":{"start":{"line":12,"column":4},"end":{"line":14,"column":7}},"6":{"start":{"line":13,"column":8},"end":{"line":13,"column":44}},"7":{"start":{"line":13,"column":18},"end":{"line":13,"column":44}},"8":{"start":{"line":16,"column":2},"end":{"line":16,"column":26}}},"branchMap":{"1":{"line":13,"type":"if","locations":[{"start":{"line":13,"column":8},"end":{"line":13,"column":8}},{"start":{"line":13,"column":8},"end":{"line":13,"column":8}}]}}},"C:\\Users\\edsonfragnan\\Desktop\\facebook_luizalabs\\facebook_luizalabs\\persistencia\\UsuarioDao.js":{"path":"C:\\Users\\edsonfragnan\\Desktop\\facebook_luizalabs\\facebook_luizalabs\\persistencia\\UsuarioDao.js","s":{"1":0,"2":0,"3":0,"4":0,"5":0,"6":1,"7":1},"b":{},"f":{"1":0,"2":0,"3":0,"4":0,"5":0},"fnMap":{"1":{"name":"(anonymous_1)","line":3,"loc":{"start":{"line":3,"column":15},"end":{"line":3,"column":28}}},"2":{"name":"(anonymous_2)","line":7,"loc":{"start":{"line":7,"column":10},"end":{"line":7,"column":29}}},"3":{"name":"(anonymous_3)","line":11,"loc":{"start":{"line":11,"column":10},"end":{"line":11,"column":21}}},"4":{"name":"(anonymous_4)","line":15,"loc":{"start":{"line":15,"column":11},"end":{"line":15,"column":34}}},"5":{"name":"(anonymous_5)","line":19,"loc":{"start":{"line":19,"column":15},"end":{"line":19,"column":37}}}},"statementMap":{"1":{"start":{"line":4,"column":6},"end":{"line":4,"column":36}},"2":{"start":{"line":8,"column":6},"end":{"line":8,"column":77}},"3":{"start":{"line":12,"column":6},"end":{"line":12,"column":64}},"4":{"start":{"line":16,"column":6},"end":{"line":16,"column":97}},"5":{"start":{"line":20,"column":6},"end":{"line":20,"column":99}},"6":{"start":{"line":24,"column":0},"end":{"line":26,"column":2}},"7":{"start":{"line":25,"column":4},"end":{"line":25,"column":22}}},"branchMap":{}}}