TN:
SF:C:\Users\edsonfragnan\Desktop\facebook_luizalabs\facebook_luizalabs\index.js
FN:3,(anonymous_1)
FNF:1
FNH:0
FNDA:0,(anonymous_1)
DA:1,1
DA:3,1
DA:4,0
DA:7,1
LF:4
LH:3
BRF:0
BRH:0
end_of_record
TN:
SF:C:\Users\edsonfragnan\Desktop\facebook_luizalabs\facebook_luizalabs\config\custom-express.js
FNF:0
FNH:0
DA:1,1
DA:2,1
DA:3,1
DA:4,1
DA:5,1
DA:6,1
DA:8,1
DA:9,1
DA:11,1
DA:14,0
DA:19,1
DA:20,1
DA:21,1
DA:23,1
DA:29,1
LF:15
LH:14
BRF:0
BRH:0
end_of_record
TN:
SF:C:\Users\edsonfragnan\Desktop\facebook_luizalabs\facebook_luizalabs\servicos\logger.js
FNF:0
FNH:0
DA:1,2
DA:2,2
DA:4,2
DA:5,0
DA:8,2
LF:5
LH:4
BRDA:4,1,0,0
BRDA:4,1,1,2
BRF:2
BRH:1
end_of_record
TN:
SF:C:\Users\edsonfragnan\Desktop\facebook_luizalabs\facebook_luizalabs\routes\index.js
FNF:0
FNH:0
DA:1,1
DA:2,1
DA:3,0
LF:3
LH:2
BRF:0
BRH:0
end_of_record
TN:
SF:C:\Users\edsonfragnan\Desktop\facebook_luizalabs\facebook_luizalabs\routes\usuario_facebook.js
FNF:0
FNH:0
DA:1,1
DA:2,1
DA:3,1
DA:4,1
DA:5,1
DA:7,1
DA:9,1
DA:10,0
DA:13,1
DA:14,0
DA:17,1
DA:18,0
DA:21,1
DA:22,0
DA:25,1
DA:26,0
DA:29,1
DA:30,0
LF:18
LH:12
BRF:0
BRH:0
end_of_record
TN:
SF:C:\Users\edsonfragnan\Desktop\facebook_luizalabs\facebook_luizalabs\controllers\getUsuarios.js
FNF:0
FNH:0
DA:1,1
DA:3,1
DA:4,0
DA:5,0
DA:6,0
DA:7,0
DA:8,0
DA:9,0
DA:10,0
DA:11,0
DA:12,0
DA:13,0
DA:14,0
DA:16,0
DA:17,0
LF:15
LH:2
BRDA:8,1,0,0
BRDA:8,1,1,0
BRDA:12,2,0,0
BRDA:12,2,1,0
BRF:4
BRH:0
end_of_record
TN:
SF:C:\Users\edsonfragnan\Desktop\facebook_luizalabs\facebook_luizalabs\controllers\getUsuario.js
FNF:0
FNH:0
DA:1,1
DA:3,1
DA:4,0
DA:5,0
DA:6,0
DA:7,0
DA:8,0
DA:9,0
DA:10,0
DA:11,0
DA:12,0
DA:13,0
DA:14,0
DA:15,0
DA:17,0
DA:18,0
LF:16
LH:2
BRDA:9,1,0,0
BRDA:9,1,1,0
BRDA:13,2,0,0
BRDA:13,2,1,0
BRF:4
BRH:0
end_of_record
TN:
SF:C:\Users\edsonfragnan\Desktop\facebook_luizalabs\facebook_luizalabs\controllers\getUsuarioFacebook.js
FNF:0
FNH:0
DA:1,1
DA:2,1
DA:3,1
DA:5,1
DA:6,0
DA:7,0
DA:8,0
DA:9,0
DA:10,0
DA:11,0
DA:12,0
DA:14,0
DA:15,0
LF:13
LH:4
BRDA:9,1,0,0
BRDA:9,1,1,0
BRF:2
BRH:0
end_of_record
TN:
SF:C:\Users\edsonfragnan\Desktop\facebook_luizalabs\facebook_luizalabs\validacao\validacao.js
FNF:0
FNH:0
DA:1,1
DA:2,0
DA:3,0
DA:4,0
DA:5,0
DA:6,0
DA:7,0
LF:7
LH:1
BRF:0
BRH:0
end_of_record
TN:
SF:C:\Users\edsonfragnan\Desktop\facebook_luizalabs\facebook_luizalabs\processor\facebook.js
FNF:0
FNH:0
DA:1,1
DA:2,1
DA:4,1
DA:5,0
DA:11,0
DA:12,0
DA:14,0
DA:15,0
DA:16,0
DA:17,0
DA:18,0
DA:20,0
DA:26,0
LF:13
LH:3
BRDA:11,1,0,0
BRDA:11,1,1,0
BRDA:11,2,0,0
BRDA:11,2,1,0
BRDA:17,3,0,0
BRDA:17,3,1,0
BRDA:17,4,0,0
BRDA:17,4,1,0
BRDA:21,5,0,0
BRDA:21,5,1,0
BRDA:24,6,0,0
BRDA:24,6,1,0
BRF:12
BRH:0
end_of_record
TN:
SF:C:\Users\edsonfragnan\Desktop\facebook_luizalabs\facebook_luizalabs\config\auth.js
FNF:0
FNH:0
DA:1,1
LF:1
LH:1
BRF:0
BRH:0
end_of_record
TN:
SF:C:\Users\edsonfragnan\Desktop\facebook_luizalabs\facebook_luizalabs\controllers\delUsuario.js
FNF:0
FNH:0
DA:1,1
DA:2,1
DA:4,1
DA:5,0
DA:6,0
DA:7,0
DA:8,0
DA:9,0
DA:10,0
DA:11,0
DA:12,0
DA:13,0
DA:15,0
DA:16,0
DA:17,0
LF:15
LH:3
BRDA:10,1,0,0
BRDA:10,1,1,0
BRF:2
BRH:0
end_of_record
TN:
SF:C:\Users\edsonfragnan\Desktop\facebook_luizalabs\facebook_luizalabs\controllers\postUsuario.js
FNF:0
FNH:0
DA:1,1
DA:2,1
DA:3,1
DA:5,1
DA:6,0
DA:7,0
DA:8,0
DA:9,0
DA:10,0
DA:11,0
DA:12,0
DA:13,0
DA:14,0
DA:16,0
DA:17,0
DA:18,0
DA:19,0
DA:20,0
DA:22,0
DA:23,0
DA:24,0
DA:25,0
DA:26,0
DA:28,0
DA:29,0
DA:30,0
LF:26
LH:4
BRDA:11,1,0,0
BRDA:11,1,1,0
BRDA:17,2,0,0
BRDA:17,2,1,0
BRDA:23,3,0,0
BRDA:23,3,1,0
BRF:6
BRH:0
end_of_record
TN:
SF:C:\Users\edsonfragnan\Desktop\facebook_luizalabs\facebook_luizalabs\persistencia\connectionFactory.js
FN:19,(anonymous_1)
FNF:1
FNH:1
FNDA:1,(anonymous_1)
DA:1,1
DA:3,1
DA:4,1
DA:5,1
DA:6,0
DA:8,1
DA:11,1
DA:19,1
DA:20,1
LF:9
LH:8
BRDA:5,1,0,0
BRDA:5,1,1,1
BRF:2
BRH:1
end_of_record
TN:
SF:C:\Users\edsonfragnan\Desktop\facebook_luizalabs\facebook_luizalabs\persistencia\criaTabela.js
FNF:0
FNH:0
DA:1,1
DA:2,1
DA:3,1
DA:4,1
DA:12,1
DA:13,0
DA:16,1
LF:7
LH:6
BRDA:13,1,0,0
BRDA:13,1,1,0
BRF:2
BRH:0
end_of_record
TN:
SF:C:\Users\edsonfragnan\Desktop\facebook_luizalabs\facebook_luizalabs\persistencia\UsuarioDao.js
FN:3,(anonymous_1)
FN:7,(anonymous_2)
FN:11,(anonymous_3)
FN:15,(anonymous_4)
FN:19,(anonymous_5)
FNF:5
FNH:0
FNDA:0,(anonymous_1)
FNDA:0,(anonymous_2)
FNDA:0,(anonymous_3)
FNDA:0,(anonymous_4)
FNDA:0,(anonymous_5)
DA:4,0
DA:8,0
DA:12,0
DA:16,0
DA:20,0
DA:24,1
DA:25,1
LF:7
LH:2
BRF:0
BRH:0
end_of_record
